<?xml version="1.0" encoding="UTF-8"?>
<testsuite name="Vector2dTest" tests="9" skipped="0" failures="0" errors="0" timestamp="2021-10-19T16:59:03" hostname="LAPTOP-KG4DVFO2" time="0.039">
  <properties/>
  <testcase name="testAdd()" classname="Vector2dTest" time="0.02"/>
  <testcase name="testSubtract()" classname="Vector2dTest" time="0.0"/>
  <testcase name="testFollows()" classname="Vector2dTest" time="0.002"/>
  <testcase name="testToString()" classname="Vector2dTest" time="0.006"/>
  <testcase name="testPrecedes()" classname="Vector2dTest" time="0.001"/>
  <testcase name="testLowerLeft()" classname="Vector2dTest" time="0.0"/>
  <testcase name="testOpposite()" classname="Vector2dTest" time="0.001"/>
  <testcase name="textEquals()" classname="Vector2dTest" time="0.0"/>
  <testcase name="testUpperRight()" classname="Vector2dTest" time="0.001"/>
  <system-out><![CDATA[]]></system-out>
  <system-err><![CDATA[]]></system-err>
</testsuite>
